2025-08-08 18:37:08,460 - __main__ - INFO - Starting Football Betting System...
2025-08-08 18:37:14,710 - __main__ - ERROR - System error: Timed out
2025-08-08 18:37:46,180 - __main__ - INFO - Starting Football Betting System...
2025-08-08 18:37:52,897 - __main__ - ERROR - System error: Timed out
2025-08-08 18:39:27,540 - __main__ - INFO - Starting Football Betting System...
2025-08-08 18:39:27,540 - __main__ - INFO - System started successfully!
2025-08-08 18:39:27,540 - __main__ - INFO - Daily analysis scheduled for 09:00
2025-08-08 18:39:27,540 - __main__ - INFO - Weekly reports scheduled for Sunday 18:00
2025-08-08 18:39:27,540 - __main__ - INFO - Starting daily betting analysis...
2025-08-08 18:39:29,417 - __main__ - INFO - Found 325 matches for today
2025-08-08 18:39:29,432 - __main__ - INFO - Analyzing match 1/3: Estudiantes L.P. vs Independ. Rivadavia
2025-08-08 18:39:34,360 - __main__ - INFO - Found 2 value bets for this match
2025-08-08 18:39:34,360 - __main__ - INFO - Analyzing match 2/3: CRB vs Cruzeiro
2025-08-08 18:39:38,831 - __main__ - INFO - Analyzing match 3/3: Baños Ciudad de Fuego vs Deportivo Cuenca
2025-08-08 18:39:43,384 - __main__ - INFO - Found 1 value bets for this match
2025-08-08 18:39:43,384 - __main__ - INFO - Daily analysis completed. Found 3 value bets
2025-08-08 18:39:43,384 - __main__ - INFO - Demo mode: System completed initial analysis
2025-08-08 18:49:57,896 - __main__ - INFO - Starting Football Betting System...
2025-08-08 18:49:57,912 - __main__ - INFO - System started successfully!
2025-08-08 18:49:57,912 - __main__ - INFO - Daily analysis scheduled for 09:00
2025-08-08 18:49:57,912 - __main__ - INFO - Weekly reports scheduled for Sunday 18:00
2025-08-08 18:49:57,912 - __main__ - INFO - Starting daily betting analysis...
2025-08-08 18:49:59,352 - __main__ - INFO - Found 325 matches for today
2025-08-08 18:49:59,352 - __main__ - INFO - Analyzing match 1/3: Estudiantes L.P. vs Independ. Rivadavia
2025-08-08 18:50:03,548 - __main__ - INFO - Found 2 value bets for this match
2025-08-08 18:50:03,548 - __main__ - INFO - Analyzing match 2/3: CRB vs Cruzeiro
2025-08-08 18:50:07,525 - __main__ - INFO - Analyzing match 3/3: Baños Ciudad de Fuego vs Deportivo Cuenca
2025-08-08 18:50:11,743 - __main__ - INFO - Found 1 value bets for this match
2025-08-08 18:50:11,743 - __main__ - INFO - Daily analysis completed. Found 3 value bets
2025-08-08 18:50:11,758 - __main__ - ERROR - Error in daily analysis: 'win_rate'
2025-08-08 18:50:11,758 - __main__ - INFO - Demo mode: System completed initial analysis
2025-08-08 18:51:38,736 - __main__ - INFO - Starting Football Betting System...
2025-08-08 18:51:38,736 - __main__ - INFO - System started successfully!
2025-08-08 18:51:38,736 - __main__ - INFO - Daily analysis scheduled for 09:00
2025-08-08 18:51:38,736 - __main__ - INFO - Weekly reports scheduled for Sunday 18:00
2025-08-08 18:51:38,736 - __main__ - INFO - Starting daily betting analysis...
2025-08-08 18:51:40,371 - __main__ - INFO - Found 325 matches for today
2025-08-08 18:51:40,371 - __main__ - INFO - Analyzing match 1/3: Estudiantes L.P. vs Independ. Rivadavia
2025-08-08 18:51:44,679 - __main__ - INFO - Found 2 value bets for this match
2025-08-08 18:51:44,681 - __main__ - INFO - Analyzing match 2/3: CRB vs Cruzeiro
2025-08-08 18:51:49,949 - __main__ - INFO - Analyzing match 3/3: Baños Ciudad de Fuego vs Deportivo Cuenca
2025-08-08 18:51:54,211 - __main__ - INFO - Found 1 value bets for this match
2025-08-08 18:51:54,211 - __main__ - INFO - Daily analysis completed. Found 3 value bets
2025-08-08 18:51:54,258 - __main__ - ERROR - Error in daily analysis: 'win_rate'
2025-08-08 18:51:54,260 - __main__ - INFO - Demo mode: System completed initial analysis
2025-08-08 18:59:48,573 - __main__ - INFO - Starting Football Betting System...
2025-08-08 18:59:48,573 - __main__ - INFO - System started successfully!
2025-08-08 18:59:48,573 - __main__ - INFO - Daily analysis scheduled for 09:00
2025-08-08 18:59:48,573 - __main__ - INFO - Weekly reports scheduled for Sunday 18:00
2025-08-08 18:59:48,573 - __main__ - INFO - Starting daily betting analysis...
2025-08-08 18:59:50,434 - __main__ - INFO - Found 325 matches for today
2025-08-08 18:59:50,435 - __main__ - INFO - Analyzing match 1/3: Estudiantes L.P. vs Independ. Rivadavia
2025-08-08 18:59:55,915 - __main__ - INFO - Found 2 value bets for this match
2025-08-08 18:59:55,915 - __main__ - INFO - Analyzing match 2/3: CRB vs Cruzeiro
2025-08-08 19:00:00,182 - __main__ - INFO - Analyzing match 3/3: Baños Ciudad de Fuego vs Deportivo Cuenca
2025-08-08 19:00:05,472 - __main__ - INFO - Found 1 value bets for this match
2025-08-08 19:00:05,472 - __main__ - INFO - Daily analysis completed. Found 3 value bets
2025-08-08 19:00:05,489 - __main__ - ERROR - Error in daily analysis: 'win_rate'
2025-08-08 19:00:05,491 - __main__ - INFO - Demo mode: System completed initial analysis
